<?xml version="1.0" encoding="UTF-8"?>
<testng-results skipped="0" failed="0" ignored="0" total="1" passed="1">
  <reporter-output>
  </reporter-output>
  <suite name="Default suite" duration-ms="5260" started-at="2022-02-12T03:39:34 IST" finished-at="2022-02-12T03:39:39 IST">
    <groups>
    </groups>
    <test name="Default test" duration-ms="5260" started-at="2022-02-12T03:39:34 IST" finished-at="2022-02-12T03:39:39 IST">
      <class name="com.scholastic.rco.orderdetails.TeacherOderDetailsTest">
        <test-method status="PASS" signature="teacherOrderDetails(java.lang.String)[pri:0, instance:com.scholastic.rco.orderdetails.TeacherOderDetailsTest@25af5db5]" name="teacherOrderDetails" duration-ms="5219" started-at="2022-02-12T03:39:34 IST" data-provider="Teacher_Event_No" finished-at="2022-02-12T03:39:39 IST">
          <params>
            <param index="0">
              <value>
                <![CDATA[50017900]]>
              </value>
            </param>
          </params>
          <reporter-output>
          </reporter-output>
        </test-method> <!-- teacherOrderDetails -->
      </class> <!-- com.scholastic.rco.orderdetails.TeacherOderDetailsTest -->
    </test> <!-- Default test -->
  </suite> <!-- Default suite -->
</testng-results>
